[2024-10-27 02:31:21] INFO: === Début du test de santé ===
[2024-10-27 02:31:21] DEBUG: === Vérification du Master ===
[2024-10-27 02:31:21] INFO: [salt_master] Conteneur en cours d'exécution
[2024-10-27 02:31:21] DEBUG: === Vérification des Syndics ===
[2024-10-27 02:31:21] ERROR: [salt_syndic1] Conteneur arrêté ou inexistant
[2024-10-27 02:31:21] DEBUG: Tentative de démarrage du conteneur salt_syndic1...
[2024-10-27 02:31:27] ERROR: [salt_syndic1] Échec du démarrage du conteneur
[2024-10-27 02:31:28] WARNING: [salt_syndic1] Non connecté
[2024-10-27 02:31:28] DEBUG: Vérification des clés pour salt_syndic1...
[2024-10-27 02:31:29] DEBUG: Vérification de la configuration de salt_syndic1...
[2024-10-27 02:31:29] DEBUG: Vérification des logs de salt_syndic1...
[2024-10-27 02:31:29] DEBUG: Tentative de redémarrage des services Salt sur salt_syndic1...
[2024-10-27 02:31:39] DEBUG: Nouvelle tentative de connexion pour salt_syndic1...
[2024-10-27 02:31:40] ERROR: [salt_syndic1] Toujours non connecté après redémarrage des services
[2024-10-27 02:31:40] DEBUG: Vérification des versions de Salt...
[2024-10-27 02:31:41] ERROR: [salt_syndic2] Conteneur arrêté ou inexistant
[2024-10-27 02:31:41] DEBUG: Tentative de démarrage du conteneur salt_syndic2...
[2024-10-27 02:31:47] ERROR: [salt_syndic2] Échec du démarrage du conteneur
[2024-10-27 02:31:48] WARNING: [salt_syndic2] Non connecté
[2024-10-27 02:31:48] DEBUG: Vérification des clés pour salt_syndic2...
[2024-10-27 02:31:50] DEBUG: Vérification de la configuration de salt_syndic2...
[2024-10-27 02:31:50] DEBUG: Vérification des logs de salt_syndic2...
[2024-10-27 02:31:50] DEBUG: Tentative de redémarrage des services Salt sur salt_syndic2...
[2024-10-27 02:32:00] DEBUG: Nouvelle tentative de connexion pour salt_syndic2...
[2024-10-27 02:32:01] ERROR: [salt_syndic2] Toujours non connecté après redémarrage des services
[2024-10-27 02:32:01] DEBUG: Vérification des versions de Salt...
[2024-10-27 02:32:02] DEBUG: === Vérification des Minions ===
[2024-10-27 02:32:02] ERROR: [test_salt_minion_1] Conteneur arrêté ou inexistant
[2024-10-27 02:32:02] DEBUG: Tentative de démarrage du conteneur test_salt_minion_1...
[2024-10-27 02:32:08] ERROR: [test_salt_minion_1] Échec du démarrage du conteneur
[2024-10-27 02:32:09] WARNING: [test_salt_minion_1] Non connecté
[2024-10-27 02:32:09] DEBUG: Vérification des clés pour test_salt_minion_1...
[2024-10-27 02:32:10] DEBUG: Vérification de la configuration de test_salt_minion_1...
[2024-10-27 02:32:10] DEBUG: Vérification des logs de test_salt_minion_1...
[2024-10-27 02:32:10] DEBUG: Tentative de redémarrage des services Salt sur test_salt_minion_1...
[2024-10-27 02:32:21] DEBUG: Nouvelle tentative de connexion pour test_salt_minion_1...
[2024-10-27 02:32:22] ERROR: [test_salt_minion_1] Toujours non connecté après redémarrage des services
[2024-10-27 02:32:22] DEBUG: Vérification des versions de Salt...
[2024-10-27 02:32:23] ERROR: [test_salt_minion_2] Conteneur arrêté ou inexistant
[2024-10-27 02:32:23] DEBUG: Tentative de démarrage du conteneur test_salt_minion_2...
[2024-10-27 02:32:29] ERROR: [test_salt_minion_2] Échec du démarrage du conteneur
[2024-10-27 02:32:30] WARNING: [test_salt_minion_2] Non connecté
[2024-10-27 02:32:30] DEBUG: Vérification des clés pour test_salt_minion_2...
[2024-10-27 02:32:31] DEBUG: Vérification de la configuration de test_salt_minion_2...
[2024-10-27 02:32:31] DEBUG: Vérification des logs de test_salt_minion_2...
[2024-10-27 02:32:31] DEBUG: Tentative de redémarrage des services Salt sur test_salt_minion_2...
[2024-10-27 02:32:41] DEBUG: Nouvelle tentative de connexion pour test_salt_minion_2...
[2024-10-27 02:32:42] ERROR: [test_salt_minion_2] Toujours non connecté après redémarrage des services
[2024-10-27 02:32:42] DEBUG: Vérification des versions de Salt...
[2024-10-27 02:32:43] ERROR: [test_salt_minion_3] Conteneur arrêté ou inexistant
[2024-10-27 02:32:44] DEBUG: Tentative de démarrage du conteneur test_salt_minion_3...
[2024-10-27 02:32:49] ERROR: [test_salt_minion_3] Échec du démarrage du conteneur
[2024-10-27 02:32:50] WARNING: [test_salt_minion_3] Non connecté
[2024-10-27 02:32:50] DEBUG: Vérification des clés pour test_salt_minion_3...
[2024-10-27 02:32:52] DEBUG: Vérification de la configuration de test_salt_minion_3...
[2024-10-27 02:32:52] DEBUG: Vérification des logs de test_salt_minion_3...
[2024-10-27 02:32:52] DEBUG: Tentative de redémarrage des services Salt sur test_salt_minion_3...
[2024-10-27 02:33:02] DEBUG: Nouvelle tentative de connexion pour test_salt_minion_3...
[2024-10-27 02:33:03] ERROR: [test_salt_minion_3] Toujours non connecté après redémarrage des services
[2024-10-27 02:33:03] DEBUG: Vérification des versions de Salt...
[2024-10-27 02:33:04] ERROR: [test_salt_minion_4] Conteneur arrêté ou inexistant
[2024-10-27 02:33:04] DEBUG: Tentative de démarrage du conteneur test_salt_minion_4...
[2024-10-27 02:33:09] ERROR: [test_salt_minion_4] Échec du démarrage du conteneur
[2024-10-27 02:33:10] WARNING: [test_salt_minion_4] Non connecté
[2024-10-27 02:33:10] DEBUG: Vérification des clés pour test_salt_minion_4...
[2024-10-27 02:33:11] DEBUG: Vérification de la configuration de test_salt_minion_4...
[2024-10-27 02:33:11] DEBUG: Vérification des logs de test_salt_minion_4...
[2024-10-27 02:33:11] DEBUG: Tentative de redémarrage des services Salt sur test_salt_minion_4...
[2024-10-27 02:33:22] DEBUG: Nouvelle tentative de connexion pour test_salt_minion_4...
[2024-10-27 02:33:23] ERROR: [test_salt_minion_4] Toujours non connecté après redémarrage des services
[2024-10-27 02:33:23] DEBUG: Vérification des versions de Salt...
[2024-10-27 02:33:24] ERROR: [test_salt_minion_5] Conteneur arrêté ou inexistant
[2024-10-27 02:33:24] DEBUG: Tentative de démarrage du conteneur test_salt_minion_5...
[2024-10-27 02:33:29] ERROR: [test_salt_minion_5] Échec du démarrage du conteneur
[2024-10-27 02:33:31] WARNING: [test_salt_minion_5] Non connecté
[2024-10-27 02:33:31] DEBUG: Vérification des clés pour test_salt_minion_5...
[2024-10-27 02:33:33] DEBUG: Vérification de la configuration de test_salt_minion_5...
[2024-10-27 02:33:33] DEBUG: Vérification des logs de test_salt_minion_5...
[2024-10-27 02:33:33] DEBUG: Tentative de redémarrage des services Salt sur test_salt_minion_5...
[2024-10-27 02:33:44] DEBUG: Nouvelle tentative de connexion pour test_salt_minion_5...
[2024-10-27 02:33:45] ERROR: [test_salt_minion_5] Toujours non connecté après redémarrage des services
[2024-10-27 02:33:45] DEBUG: Vérification des versions de Salt...
[2024-10-27 02:33:46] DEBUG: === Versions de Salt ===
[2024-10-27 02:34:02] ERROR: Impossible d'obtenir les versions de Salt
[2024-10-27 02:34:02] DEBUG: Vérification des versions sur le master...
[2024-10-27 02:34:03] DEBUG: === Utilisation des ressources sur le Master ===
[2024-10-27 02:34:05] DEBUG: === État des clés Salt ===
[2024-10-27 02:34:06] INFO: === Test de santé terminé ===
[2024-10-27 02:34:06] INFO: Les logs ont été enregistrés dans check_heath.log
[2024-10-27 02:42:25] INFO: === Début du test de santé ===
[2024-10-27 02:42:25] DEBUG: === Vérification du Master ===
[2024-10-27 02:42:25] INFO: [salt_master] Conteneur en cours d'exécution
[2024-10-27 02:42:25] DEBUG: === Vérification des Syndics ===
[2024-10-27 02:42:25] ERROR: [salt_syndic1] Conteneur arrêté ou inexistant
[2024-10-27 02:42:25] DEBUG: Tentative de démarrage du conteneur salt_syndic1...
[2024-10-27 02:42:31] ERROR: [salt_syndic1] Échec du démarrage du conteneur
[2024-10-27 02:42:32] WARNING: [salt_syndic1] Non connecté
[2024-10-27 02:42:32] DEBUG: Vérification des clés pour salt_syndic1...
[2024-10-27 02:42:34] DEBUG: Vérification de la configuration de salt_syndic1...
[2024-10-27 02:42:34] DEBUG: Vérification des logs de salt_syndic1...
[2024-10-27 02:42:34] DEBUG: Tentative de redémarrage des services Salt sur salt_syndic1...
[2024-10-27 02:42:44] DEBUG: Nouvelle tentative de connexion pour salt_syndic1...
[2024-10-27 02:42:45] ERROR: [salt_syndic1] Toujours non connecté après redémarrage des services
[2024-10-27 02:42:45] DEBUG: Vérification des versions de Salt...
[2024-10-27 02:42:46] ERROR: [salt_syndic2] Conteneur arrêté ou inexistant
[2024-10-27 02:42:46] DEBUG: Tentative de démarrage du conteneur salt_syndic2...
[2024-10-27 02:42:51] ERROR: [salt_syndic2] Échec du démarrage du conteneur
[2024-10-27 02:42:52] WARNING: [salt_syndic2] Non connecté
[2024-10-27 02:42:52] DEBUG: Vérification des clés pour salt_syndic2...
[2024-10-27 02:42:54] DEBUG: Vérification de la configuration de salt_syndic2...
[2024-10-27 02:42:54] DEBUG: Vérification des logs de salt_syndic2...
[2024-10-27 02:42:54] DEBUG: Tentative de redémarrage des services Salt sur salt_syndic2...
[2024-10-27 02:43:04] DEBUG: Nouvelle tentative de connexion pour salt_syndic2...
[2024-10-27 02:43:05] ERROR: [salt_syndic2] Toujours non connecté après redémarrage des services
[2024-10-27 02:43:05] DEBUG: Vérification des versions de Salt...
[2024-10-27 02:43:06] DEBUG: === Vérification des Minions ===
[2024-10-27 02:43:06] INFO: [test_salt_minion_1] Conteneur en cours d'exécution
[2024-10-27 02:43:07] WARNING: [test_salt_minion_1] Non connecté
[2024-10-27 02:43:07] DEBUG: Vérification des clés pour test_salt_minion_1...
[2024-10-27 02:43:08] DEBUG: Vérification de la configuration de test_salt_minion_1...
[2024-10-27 02:43:09] DEBUG: Vérification des logs de test_salt_minion_1...
[2024-10-27 02:43:09] DEBUG: Tentative de redémarrage des services Salt sur test_salt_minion_1...
[2024-10-27 02:43:21] DEBUG: Nouvelle tentative de connexion pour test_salt_minion_1...
[2024-10-27 02:43:22] ERROR: [test_salt_minion_1] Toujours non connecté après redémarrage des services
[2024-10-27 02:43:22] DEBUG: Vérification des versions de Salt...
[2024-10-27 02:43:23] INFO: [test_salt_minion_2] Conteneur en cours d'exécution
[2024-10-27 02:43:24] WARNING: [test_salt_minion_2] Non connecté
[2024-10-27 02:43:24] DEBUG: Vérification des clés pour test_salt_minion_2...
[2024-10-27 02:43:26] DEBUG: Vérification de la configuration de test_salt_minion_2...
[2024-10-27 02:43:26] DEBUG: Vérification des logs de test_salt_minion_2...
[2024-10-27 02:43:26] DEBUG: Tentative de redémarrage des services Salt sur test_salt_minion_2...
[2024-10-27 02:43:39] DEBUG: Nouvelle tentative de connexion pour test_salt_minion_2...
[2024-10-27 02:43:40] ERROR: [test_salt_minion_2] Toujours non connecté après redémarrage des services
[2024-10-27 02:43:40] DEBUG: Vérification des versions de Salt...
[2024-10-27 02:43:41] INFO: [test_salt_minion_3] Conteneur en cours d'exécution
[2024-10-27 02:43:42] WARNING: [test_salt_minion_3] Non connecté
[2024-10-27 02:43:42] DEBUG: Vérification des clés pour test_salt_minion_3...
[2024-10-27 02:43:43] DEBUG: Vérification de la configuration de test_salt_minion_3...
[2024-10-27 02:43:43] DEBUG: Vérification des logs de test_salt_minion_3...
[2024-10-27 02:43:44] DEBUG: Tentative de redémarrage des services Salt sur test_salt_minion_3...
[2024-10-27 02:43:56] DEBUG: Nouvelle tentative de connexion pour test_salt_minion_3...
[2024-10-27 02:43:57] ERROR: [test_salt_minion_3] Toujours non connecté après redémarrage des services
[2024-10-27 02:43:57] DEBUG: Vérification des versions de Salt...
[2024-10-27 02:43:59] ERROR: [test_salt_minion_4] Conteneur arrêté ou inexistant
[2024-10-27 02:43:59] DEBUG: Tentative de démarrage du conteneur test_salt_minion_4...
[2024-10-27 02:44:04] ERROR: [test_salt_minion_4] Échec du démarrage du conteneur
[2024-10-27 02:44:05] WARNING: [test_salt_minion_4] Non connecté
[2024-10-27 02:44:05] DEBUG: Vérification des clés pour test_salt_minion_4...
[2024-10-27 02:44:06] DEBUG: Vérification de la configuration de test_salt_minion_4...
[2024-10-27 02:44:06] DEBUG: Vérification des logs de test_salt_minion_4...
[2024-10-27 02:44:06] DEBUG: Tentative de redémarrage des services Salt sur test_salt_minion_4...
[2024-10-27 02:44:17] DEBUG: Nouvelle tentative de connexion pour test_salt_minion_4...
[2024-10-27 02:44:18] ERROR: [test_salt_minion_4] Toujours non connecté après redémarrage des services
[2024-10-27 02:44:18] DEBUG: Vérification des versions de Salt...
[2024-10-27 02:44:19] ERROR: [test_salt_minion_5] Conteneur arrêté ou inexistant
[2024-10-27 02:44:19] DEBUG: Tentative de démarrage du conteneur test_salt_minion_5...
[2024-10-27 02:44:24] ERROR: [test_salt_minion_5] Échec du démarrage du conteneur
[2024-10-27 02:44:25] WARNING: [test_salt_minion_5] Non connecté
[2024-10-27 02:44:25] DEBUG: Vérification des clés pour test_salt_minion_5...
[2024-10-27 02:44:26] DEBUG: Vérification de la configuration de test_salt_minion_5...
[2024-10-27 02:44:26] DEBUG: Vérification des logs de test_salt_minion_5...
[2024-10-27 02:44:26] DEBUG: Tentative de redémarrage des services Salt sur test_salt_minion_5...
[2024-10-27 02:44:36] DEBUG: Nouvelle tentative de connexion pour test_salt_minion_5...
[2024-10-27 02:44:37] ERROR: [test_salt_minion_5] Toujours non connecté après redémarrage des services
[2024-10-27 02:44:37] DEBUG: Vérification des versions de Salt...
[2024-10-27 02:44:38] DEBUG: === Versions de Salt ===
[2024-10-27 02:44:39] ERROR: Impossible d'obtenir les versions de Salt
[2024-10-27 02:44:39] DEBUG: Vérification des versions sur le master...
[2024-10-27 02:44:40] DEBUG: === Utilisation des ressources sur le Master ===
[2024-10-27 02:44:42] DEBUG: === État des clés Salt ===
[2024-10-27 02:44:44] INFO: === Test de santé terminé ===
[2024-10-27 02:44:44] INFO: Les logs ont été enregistrés dans check_heath.log
[2024-10-27 02:50:52] INFO: === Début du test de santé ===
[2024-10-27 02:50:52] DEBUG: === Vérification du Master ===
[2024-10-27 02:50:53] INFO: [salt_master] Conteneur en cours d'exécution
[2024-10-27 02:50:53] DEBUG: === Vérification des Syndics ===
[2024-10-27 02:50:53] ERROR: [salt_syndic1] Conteneur arrêté ou inexistant
[2024-10-27 02:50:53] DEBUG: Tentative de démarrage du conteneur salt_syndic1...
[2024-10-27 02:50:58] ERROR: [salt_syndic1] Échec du démarrage du conteneur
[2024-10-27 02:50:59] WARNING: [salt_syndic1] Non connecté
[2024-10-27 02:50:59] DEBUG: Vérification des clés pour salt_syndic1...
[2024-10-27 02:51:01] DEBUG: Vérification de la configuration de salt_syndic1...
[2024-10-27 02:51:01] DEBUG: Vérification des logs de salt_syndic1...
[2024-10-27 02:51:01] DEBUG: Tentative de redémarrage des services Salt sur salt_syndic1...
[2024-10-27 02:51:11] DEBUG: Nouvelle tentative de connexion pour salt_syndic1...
[2024-10-27 02:51:12] ERROR: [salt_syndic1] Toujours non connecté après redémarrage des services
[2024-10-27 02:51:12] DEBUG: Vérification des versions de Salt...
[2024-10-27 02:51:13] ERROR: [salt_syndic2] Conteneur arrêté ou inexistant
[2024-10-27 02:51:13] DEBUG: Tentative de démarrage du conteneur salt_syndic2...
[2024-10-27 02:51:19] ERROR: [salt_syndic2] Échec du démarrage du conteneur
[2024-10-27 02:51:20] WARNING: [salt_syndic2] Non connecté
[2024-10-27 02:51:20] DEBUG: Vérification des clés pour salt_syndic2...
[2024-10-27 02:51:21] DEBUG: Vérification de la configuration de salt_syndic2...
[2024-10-27 02:51:21] DEBUG: Vérification des logs de salt_syndic2...
[2024-10-27 02:51:21] DEBUG: Tentative de redémarrage des services Salt sur salt_syndic2...
[2024-10-27 02:51:31] DEBUG: Nouvelle tentative de connexion pour salt_syndic2...
[2024-10-27 02:51:32] ERROR: [salt_syndic2] Toujours non connecté après redémarrage des services
[2024-10-27 02:51:32] DEBUG: Vérification des versions de Salt...
[2024-10-27 02:51:33] DEBUG: === Vérification des Minions ===
[2024-10-27 02:51:33] INFO: [test_salt_minion_1] Conteneur en cours d'exécution
[2024-10-27 02:51:34] WARNING: [test_salt_minion_1] Non connecté
[2024-10-27 02:51:34] DEBUG: Vérification des clés pour test_salt_minion_1...
[2024-10-27 02:51:35] DEBUG: Vérification de la configuration de test_salt_minion_1...
[2024-10-27 02:51:35] DEBUG: Vérification des logs de test_salt_minion_1...
[2024-10-27 02:51:36] DEBUG: Tentative de redémarrage des services Salt sur test_salt_minion_1...
[2024-10-27 02:51:48] DEBUG: Nouvelle tentative de connexion pour test_salt_minion_1...
[2024-10-27 02:51:49] ERROR: [test_salt_minion_1] Toujours non connecté après redémarrage des services
[2024-10-27 02:51:49] DEBUG: Vérification des versions de Salt...
[2024-10-27 02:51:51] INFO: [test_salt_minion_2] Conteneur en cours d'exécution
[2024-10-27 02:51:52] WARNING: [test_salt_minion_2] Non connecté
[2024-10-27 02:51:52] DEBUG: Vérification des clés pour test_salt_minion_2...
[2024-10-27 02:51:53] DEBUG: Vérification de la configuration de test_salt_minion_2...
[2024-10-27 02:51:53] DEBUG: Vérification des logs de test_salt_minion_2...
[2024-10-27 02:51:54] DEBUG: Tentative de redémarrage des services Salt sur test_salt_minion_2...
[2024-10-27 02:52:06] DEBUG: Nouvelle tentative de connexion pour test_salt_minion_2...
[2024-10-27 02:52:07] ERROR: [test_salt_minion_2] Toujours non connecté après redémarrage des services
[2024-10-27 02:52:07] DEBUG: Vérification des versions de Salt...
[2024-10-27 02:52:08] INFO: [test_salt_minion_3] Conteneur en cours d'exécution
[2024-10-27 02:52:09] WARNING: [test_salt_minion_3] Non connecté
[2024-10-27 02:52:09] DEBUG: Vérification des clés pour test_salt_minion_3...
[2024-10-27 02:52:10] DEBUG: Vérification de la configuration de test_salt_minion_3...
[2024-10-27 02:52:10] DEBUG: Vérification des logs de test_salt_minion_3...
[2024-10-27 02:52:11] DEBUG: Tentative de redémarrage des services Salt sur test_salt_minion_3...
[2024-10-27 02:52:23] DEBUG: Nouvelle tentative de connexion pour test_salt_minion_3...
[2024-10-27 02:52:24] ERROR: [test_salt_minion_3] Toujours non connecté après redémarrage des services
[2024-10-27 02:52:24] DEBUG: Vérification des versions de Salt...
[2024-10-27 02:52:25] DEBUG: === Versions de Salt ===
[2024-10-27 02:52:26] ERROR: Impossible d'obtenir les versions de Salt
[2024-10-27 02:52:26] DEBUG: Vérification des versions sur le master...
[2024-10-27 02:52:27] DEBUG: === Utilisation des ressources sur le Master ===
[2024-10-27 02:52:30] DEBUG: === État des clés Salt ===
[2024-10-27 02:52:31] INFO: === Test de santé terminé ===
[2024-10-27 02:52:31] INFO: Les logs ont été enregistrés dans check_heath.log
[2024-10-27 02:57:50] INFO: === Début du test de santé ===
[2024-10-27 02:57:50] DEBUG: === Vérification du Master ===
[2024-10-27 02:57:50] INFO: [salt_master] Conteneur en cours d'exécution
[2024-10-27 02:57:50] DEBUG: === Vérification des Syndics ===
[2024-10-27 02:57:50] INFO: [salt_syndic1] Conteneur en cours d'exécution
[2024-10-27 02:57:51] WARNING: [salt_syndic1] Non connecté
[2024-10-27 02:57:51] DEBUG: Vérification des clés pour salt_syndic1...
[2024-10-27 02:57:52] DEBUG: Vérification de la configuration de salt_syndic1...
[2024-10-27 02:57:52] DEBUG: Vérification des logs de salt_syndic1...
[2024-10-27 02:57:52] DEBUG: Tentative de redémarrage des services Salt sur salt_syndic1...
[2024-10-27 02:59:15] DEBUG: Nouvelle tentative de connexion pour salt_syndic1...
[2024-10-27 02:59:16] ERROR: [salt_syndic1] Toujours non connecté après redémarrage des services
[2024-10-27 02:59:16] DEBUG: Vérification des versions de Salt...
[2024-10-27 02:59:18] INFO: [salt_syndic2] Conteneur en cours d'exécution
[2024-10-27 02:59:19] WARNING: [salt_syndic2] Non connecté
[2024-10-27 02:59:19] DEBUG: Vérification des clés pour salt_syndic2...
[2024-10-27 02:59:20] DEBUG: Vérification de la configuration de salt_syndic2...
[2024-10-27 02:59:20] DEBUG: Vérification des logs de salt_syndic2...
[2024-10-27 02:59:21] DEBUG: Tentative de redémarrage des services Salt sur salt_syndic2...
[2024-10-27 02:00:43] DEBUG: Nouvelle tentative de connexion pour salt_syndic2...
[2024-10-27 02:00:44] ERROR: [salt_syndic2] Toujours non connecté après redémarrage des services
[2024-10-27 02:00:44] DEBUG: Vérification des versions de Salt...
[2024-10-27 02:00:46] DEBUG: === Vérification des Minions ===
[2024-10-27 02:00:46] INFO: [test_salt_minion_1] Conteneur en cours d'exécution
[2024-10-27 02:00:47] WARNING: [test_salt_minion_1] Non connecté
[2024-10-27 02:00:47] DEBUG: Vérification des clés pour test_salt_minion_1...
[2024-10-27 02:00:48] DEBUG: Vérification de la configuration de test_salt_minion_1...
[2024-10-27 02:00:48] DEBUG: Vérification des logs de test_salt_minion_1...
[2024-10-27 02:00:48] DEBUG: Tentative de redémarrage des services Salt sur test_salt_minion_1...
[2024-10-27 02:01:01] DEBUG: Nouvelle tentative de connexion pour test_salt_minion_1...
[2024-10-27 02:01:02] ERROR: [test_salt_minion_1] Toujours non connecté après redémarrage des services
[2024-10-27 02:01:02] DEBUG: Vérification des versions de Salt...
[2024-10-27 02:01:03] INFO: [test_salt_minion_2] Conteneur en cours d'exécution
[2024-10-27 02:01:04] WARNING: [test_salt_minion_2] Non connecté
[2024-10-27 02:01:04] DEBUG: Vérification des clés pour test_salt_minion_2...
[2024-10-27 02:01:05] DEBUG: Vérification de la configuration de test_salt_minion_2...
[2024-10-27 02:01:06] DEBUG: Vérification des logs de test_salt_minion_2...
[2024-10-27 02:01:06] DEBUG: Tentative de redémarrage des services Salt sur test_salt_minion_2...
[2024-10-27 02:01:18] DEBUG: Nouvelle tentative de connexion pour test_salt_minion_2...
[2024-10-27 02:01:24] ERROR: [test_salt_minion_2] Toujours non connecté après redémarrage des services
[2024-10-27 02:01:24] DEBUG: Vérification des versions de Salt...
[2024-10-27 02:01:27] INFO: [test_salt_minion_3] Conteneur en cours d'exécution
[2024-10-27 02:01:32] WARNING: [test_salt_minion_3] Non connecté
[2024-10-27 02:01:32] DEBUG: Vérification des clés pour test_salt_minion_3...
[2024-10-27 02:01:34] DEBUG: Vérification de la configuration de test_salt_minion_3...
[2024-10-27 02:01:34] DEBUG: Vérification des logs de test_salt_minion_3...
[2024-10-27 02:01:34] DEBUG: Tentative de redémarrage des services Salt sur test_salt_minion_3...
